Build started 11/7/2010 1:27:25 AM.
     1>Project "C:\Users\Chris\Documents\release-013f\updater\vcproj\BFUP.vcxproj" on node 2 (build target(s)).
     1>InitializeBuildStatus:
         Creating "Release\BFUP.unsuccessfulbuild" because "AlwaysCreate" was specified.
       ClCompile:
         C:\Program Files (x86)\Microsoft Visual Studio 10.0\VC\bin\CL.exe /c /I..\src\libcurl\include /I..\src\TinyXml /Zi /nologo /W3 /WX- /O2 /Oy- /GL /D WIN32 /D NDEBUG /D _WINDOWS /D __STDC_WANT_SECURE_LIB__=1 /D _CRT_SECURE_NO_WARNINGS /D _CRT_NONSTDC_NO_DEPRECATE /D _MBCS /Gm- /EHsc /MT /GS /fp:precise /Zc:wchar_t /Zc:forScope /Fo"Release\\" /Fd"Release\vc100.pdb" /Gd /TP /analyze- /errorReport:prompt ..\src\TinyXml\tinystr.cpp ..\src\TinyXml\tinyxml.cpp ..\src\TinyXml\tinyxmlerror.cpp ..\src\TinyXml\tinyxmlparser.cpp ..\src\winmain.cpp ..\src\xmlTools.cpp
         tinystr.cpp
         tinyxml.cpp
         tinyxmlerror.cpp
         tinyxmlparser.cpp
         winmain.cpp
         xmlTools.cpp
       ResourceCompile:
         C:\Program Files (x86)\Microsoft SDKs\Windows\v7.0A\bin\rc.exe /l"0x0409" /nologo /fo"Release\gup.res" ..\src\gup.rc 
       Link:
         C:\Program Files (x86)\Microsoft Visual Studio 10.0\VC\bin\link.exe /ERRORREPORT:PROMPT /OUT:"..\bin\BFUP.exe" /INCREMENTAL:NO /NOLOGO /LIBPATH:..\src\libcurl libcurl.lib comctl32.lib shlwapi.lib kernel32.lib user32.lib gdi32.lib winspool.lib comdlg32.lib advapi32.lib shell32.lib ole32.lib oleaut32.lib uuid.lib odbc32.lib odbccp32.lib /MANIFEST /ManifestFile:"Release\BFUP.exe.intermediate.manifest" /MANIFESTUAC:"level='asInvoker' uiAccess='false'" /DEBUG /PDB:"C:\Users\Chris\Documents\release-013f\updater\bin\BFUP.pdb" /SUBSYSTEM:WINDOWS /OPT:REF /OPT:ICF /LTCG /TLBID:1 /DYNAMICBASE /NXCOMPAT /IMPLIB:"..\bin\BFUP.lib" /MACHINE:X86 Release\gup.res
         Release\tinystr.obj
         Release\tinyxml.obj
         Release\tinyxmlerror.obj
         Release\tinyxmlparser.obj
         Release\winmain.obj
         Release\xmlTools.obj
         Generating code
         Finished generating code
         BFUP.vcxproj -> C:\Users\Chris\Documents\release-013f\updater\vcproj\..\bin\BFUP.exe
       Manifest:
         C:\Program Files (x86)\Microsoft SDKs\Windows\v7.0A\bin\mt.exe /nologo /verbose /outputresource:"..\bin\BFUP.exe;#1" /manifest Release\BFUP.exe.intermediate.manifest
       PostBuildEvent:
         copy ..\src\ConfigFiles\gup.xml ..\bin\gup.xml
         copy ..\src\ConfigFiles\getDownLoadUrl.php ..\bin\getDownLoadUrl.php
         copy ..\License.txt ..\bin\License.txt
         copy ..\gpl.txt ..\bin\gpl.txt
         copy ..\readme.txt ..\bin\readme.txt
         copy ..\src\libcurl\libcurl.dll ..\bin\libcurl.dll
         
         :VCEnd
         The system cannot find the file specified.
                 1 file(s) copied.
                 1 file(s) copied.
                 1 file(s) copied.
                 1 file(s) copied.
                 1 file(s) copied.
       FinalizeBuildStatus:
         Deleting file "Release\BFUP.unsuccessfulbuild".
         Touching "Release\BFUP.lastbuildstate".
     1>Done Building Project "C:\Users\Chris\Documents\release-013f\updater\vcproj\BFUP.vcxproj" (build target(s)).

Build succeeded.

Time Elapsed 00:00:03.93
