Build started 11/7/2010 1:53:28 AM.
     1>Project "C:\Users\Chris\Documents\release-013f\bfup\vcproj\GUP.vcxproj" on node 2 (build target(s)).
     1>InitializeBuildStatus:
         Creating "Debug\GUP.unsuccessfulbuild" because "AlwaysCreate" was specified.
       ClCompile:
         C:\Program Files (x86)\Microsoft Visual Studio 10.0\VC\bin\CL.exe /c /I..\src\libcurl\include /I..\src\TinyXml /ZI /nologo /W3 /WX- /Od /Oy- /D WIN32 /D _DEBUG /D _WINDOWS /D __STDC_WANT_SECURE_LIB__=1 /D _CRT_NONSTDC_NO_DEPRECATE /D _UNICODE /D UNICODE /Gm /EHsc /RTC1 /MTd /GS /fp:precise /Zc:wchar_t /Zc:forScope /Fo"Debug\\" /Fd"Debug\vc100.pdb" /Gd /TP /analyze- /errorReport:prompt ..\src\TinyXml\tinystr.cpp ..\src\TinyXml\tinyxml.cpp ..\src\TinyXml\tinyxmlerror.cpp ..\src\TinyXml\tinyxmlparser.cpp ..\src\winmain.cpp ..\src\xmlTools.cpp
         xmlTools.cpp
     1>c:\users\chris\documents\release-013f\bfup\src\xmltools.cpp(211): warning C4996: 'sprintf': This function or variable may be unsafe. Consider using sprintf_s instead. To disable deprecation, use _CRT_SECURE_NO_WARNINGS. See online help for details.
                 c:\program files (x86)\microsoft visual studio 10.0\vc\include\stdio.h(371) : see declaration of 'sprintf'
         winmain.cpp
     1>c:\users\chris\documents\release-013f\bfup\src\winmain.cpp(212): warning C4996: 'sprintf': This function or variable may be unsafe. Consider using sprintf_s instead. To disable deprecation, use _CRT_SECURE_NO_WARNINGS. See online help for details.
                 c:\program files (x86)\microsoft visual studio 10.0\vc\include\stdio.h(371) : see declaration of 'sprintf'
     1>c:\users\chris\documents\release-013f\bfup\src\winmain.cpp(347): error C2664: 'strcmp' : cannot convert parameter 1 from 'WCHAR [260]' to 'const char *'
                 Types pointed to are unrelated; conversion requires reinterpret_cast, C-style cast or function-style cast
         tinyxmlparser.cpp
         tinyxmlerror.cpp
         tinyxml.cpp
     1>c:\users\chris\documents\release-013f\bfup\src\tinyxml\tinyxml.cpp(95): warning C4996: 'sprintf': This function or variable may be unsafe. Consider using sprintf_s instead. To disable deprecation, use _CRT_SECURE_NO_WARNINGS. See online help for details.
                 c:\program files (x86)\microsoft visual studio 10.0\vc\include\stdio.h(371) : see declaration of 'sprintf'
     1>c:\users\chris\documents\release-013f\bfup\src\tinyxml\tinyxml.cpp(115): warning C4996: 'strcpy': This function or variable may be unsafe. Consider using strcpy_s instead. To disable deprecation, use _CRT_SECURE_NO_WARNINGS. See online help for details.
                 c:\program files (x86)\microsoft visual studio 10.0\vc\include\string.h(105) : see declaration of 'strcpy'
     1>c:\users\chris\documents\release-013f\bfup\src\tinyxml\tinyxml.cpp(531): warning C4996: 'sprintf': This function or variable may be unsafe. Consider using sprintf_s instead. To disable deprecation, use _CRT_SECURE_NO_WARNINGS. See online help for details.
                 c:\program files (x86)\microsoft visual studio 10.0\vc\include\stdio.h(371) : see declaration of 'sprintf'
     1>c:\users\chris\documents\release-013f\bfup\src\tinyxml\tinyxml.cpp(716): warning C4996: 'fopen': This function or variable may be unsafe. Consider using fopen_s instead. To disable deprecation, use _CRT_SECURE_NO_WARNINGS. See online help for details.
                 c:\program files (x86)\microsoft visual studio 10.0\vc\include\stdio.h(234) : see declaration of 'fopen'
     1>c:\users\chris\documents\release-013f\bfup\src\tinyxml\tinyxml.cpp(761): warning C4996: 'fopen': This function or variable may be unsafe. Consider using fopen_s instead. To disable deprecation, use _CRT_SECURE_NO_WARNINGS. See online help for details.
                 c:\program files (x86)\microsoft visual studio 10.0\vc\include\stdio.h(234) : see declaration of 'fopen'
     1>c:\users\chris\documents\release-013f\bfup\src\tinyxml\tinyxml.cpp(871): warning C4996: 'sscanf': This function or variable may be unsafe. Consider using sscanf_s instead. To disable deprecation, use _CRT_SECURE_NO_WARNINGS. See online help for details.
                 c:\program files (x86)\microsoft visual studio 10.0\vc\include\stdio.h(325) : see declaration of 'sscanf'
     1>c:\users\chris\documents\release-013f\bfup\src\tinyxml\tinyxml.cpp(878): warning C4996: 'sscanf': This function or variable may be unsafe. Consider using sscanf_s instead. To disable deprecation, use _CRT_SECURE_NO_WARNINGS. See online help for details.
                 c:\program files (x86)\microsoft visual studio 10.0\vc\include\stdio.h(325) : see declaration of 'sscanf'
     1>c:\users\chris\documents\release-013f\bfup\src\tinyxml\tinyxml.cpp(886): warning C4996: 'sprintf': This function or variable may be unsafe. Consider using sprintf_s instead. To disable deprecation, use _CRT_SECURE_NO_WARNINGS. See online help for details.
                 c:\program files (x86)\microsoft visual studio 10.0\vc\include\stdio.h(371) : see declaration of 'sprintf'
     1>c:\users\chris\documents\release-013f\bfup\src\tinyxml\tinyxml.cpp(893): warning C4996: 'sprintf': This function or variable may be unsafe. Consider using sprintf_s instead. To disable deprecation, use _CRT_SECURE_NO_WARNINGS. See online help for details.
                 c:\program files (x86)\microsoft visual studio 10.0\vc\include\stdio.h(371) : see declaration of 'sprintf'
         tinystr.cpp
         Generating Code...
     1>Done Building Project "C:\Users\Chris\Documents\release-013f\bfup\vcproj\GUP.vcxproj" (build target(s)) -- FAILED.

Build FAILED.

Time Elapsed 00:00:05.71
